<?xml version="1.0" encoding="UTF-8"?>
<!-- Generated by org.testng.reporters.JUnitReportReporter -->
<testsuite hostname="DESKTOP-VSVB4IJ" name="com.training.sanity.tests.DeleteOrder_RTTC0017" tests="2" failures="0" timestamp="23 Oct 2019 17:39:14 GMT" time="5.269" errors="0">
  <testcase name="deleteordertest" time="3.590" classname="com.training.sanity.tests.DeleteOrder_RTTC0017"/>
  <testcase name="alogintest" time="1.679" classname="com.training.sanity.tests.DeleteOrder_RTTC0017"/>
</testsuite> <!-- com.training.sanity.tests.DeleteOrder_RTTC0017 -->
