<?xml version="1.0" encoding="UTF-8"?>
<!-- Generated by org.testng.reporters.JUnitReportReporter -->
<testsuite hostname="DESKTOP-VSVB4IJ" name="com.training.sanity.tests.RetailRegistrationRTTC_001" tests="1" failures="0" timestamp="21 Oct 2019 10:57:10 GMT" time="39.464" errors="0">
  <testcase name="amouseover" time="39.464" classname="com.training.sanity.tests.RetailRegistrationRTTC_001"/>
</testsuite> <!-- com.training.sanity.tests.RetailRegistrationRTTC_001 -->
