<?xml version="1.0" encoding="UTF-8"?>
<!-- Generated by org.testng.reporters.JUnitReportReporter -->
<testsuite hostname="DESKTOP-VSVB4IJ" name="com.training.sanity.tests.FilterOrders" tests="1" failures="0" timestamp="21 Oct 2019 17:44:08 GMT" time="29.147" errors="0">
  <testcase name="alogintest" time="29.147" classname="com.training.sanity.tests.FilterOrders"/>
</testsuite> <!-- com.training.sanity.tests.FilterOrders -->
