<?xml version="1.0" encoding="UTF-8"?>
<!-- Generated by org.testng.reporters.JUnitReportReporter -->
<testsuite hostname="DESKTOP-VSVB4IJ" name="com.training.sanity.tests.ModifyOrder_RTTC0046" tests="3" failures="0" timestamp="30 Oct 2019 10:51:19 GMT" time="19.734" errors="0">
  <testcase name="alogintest" time="1.437" classname="com.training.sanity.tests.ModifyOrder_RTTC0046"/>
  <testcase name="filtercreatedordertest" time="1.735" classname="com.training.sanity.tests.ModifyOrder_RTTC0046"/>
  <testcase name="modifyordertest" time="16.562" classname="com.training.sanity.tests.ModifyOrder_RTTC0046"/>
</testsuite> <!-- com.training.sanity.tests.ModifyOrder_RTTC0046 -->
