<?xml version="1.0" encoding="UTF-8"?>
<!-- Generated by org.testng.reporters.JUnitReportReporter -->
<testsuite hostname="DESKTOP-VSVB4IJ" name="com.training.sanity.tests.RTTC_077" tests="4" failures="0" timestamp="4 Nov 2019 07:48:50 GMT" time="55.269" errors="0">
  <testcase name="producttest" time="13.984" classname="com.training.sanity.tests.RTTC_077"/>
  <testcase name="producttest" time="13.592" classname="com.training.sanity.tests.RTTC_077"/>
  <testcase name="producttest" time="14.008" classname="com.training.sanity.tests.RTTC_077"/>
  <testcase name="producttest" time="13.685" classname="com.training.sanity.tests.RTTC_077"/>
</testsuite> <!-- com.training.sanity.tests.RTTC_077 -->
