<?xml version="1.0" encoding="UTF-8"?>
<!-- Generated by org.testng.reporters.JUnitReportReporter -->
<testsuite hostname="DESKTOP-VSVB4IJ" name="com.training.sanity.tests.CategoryandProduct_RTTC0048" tests="3" failures="0" timestamp="30 Oct 2019 10:40:59 GMT" time="26.769" errors="0">
  <testcase name="categorytest" time="19.212" classname="com.training.sanity.tests.CategoryandProduct_RTTC0048"/>
  <testcase name="alogintest" time="1.414" classname="com.training.sanity.tests.CategoryandProduct_RTTC0048"/>
  <testcase name="createproducttest" time="6.143" classname="com.training.sanity.tests.CategoryandProduct_RTTC0048"/>
</testsuite> <!-- com.training.sanity.tests.CategoryandProduct_RTTC0048 -->
