<?xml version="1.0" encoding="UTF-8"?>
<!-- Generated by org.testng.reporters.JUnitReportReporter -->
<testsuite hostname="DESKTOP-VSVB4IJ" name="com.training.sanity.tests.RTTC0047" tests="3" failures="0" timestamp="30 Oct 2019 07:37:40 GMT" time="24.018" errors="0">
  <testcase name="categorytest" time="11.414" classname="com.training.sanity.tests.RTTC0047"/>
  <testcase name="alogintest" time="7.985" classname="com.training.sanity.tests.RTTC0047"/>
  <testcase name="createproducttest" time="4.619" classname="com.training.sanity.tests.RTTC0047"/>
</testsuite> <!-- com.training.sanity.tests.RTTC0047 -->
