<?xml version="1.0" encoding="UTF-8"?>
<!-- Generated by org.testng.reporters.JUnitReportReporter -->
<testsuite skipped="0" hostname="DESKTOP-VSVB4IJ" name="com.training.sanity.tests.RTTC_076" tests="3" failures="0" timestamp="2019-11-05T13:05:03 IST" time="20.780" errors="0">
  <testcase name="modifyordertest" time="17.101" classname="com.training.sanity.tests.RTTC_076"/>
  <testcase name="alogintest" time="1.764" classname="com.training.sanity.tests.RTTC_076"/>
  <testcase name="filtercreatedordertest" time="1.915" classname="com.training.sanity.tests.RTTC_076"/>
</testsuite> <!-- com.training.sanity.tests.RTTC_076 -->
