<?xml version="1.0" encoding="UTF-8"?>
<!-- Generated by org.testng.reporters.JUnitReportReporter -->
<testsuite skipped="0" hostname="DESKTOP-VSVB4IJ" name="com.training.regression.tests.LoginDBTestAdmin" tests="1" failures="0" timestamp="2019-11-05T13:31:08 IST" time="16.648" errors="0">
  <testcase name="loginDBTest" time="16.648" classname="com.training.regression.tests.LoginDBTestAdmin"/>
</testsuite> <!-- com.training.regression.tests.LoginDBTestAdmin -->
