<?xml version="1.0" encoding="UTF-8"?>
<!-- Generated by org.testng.reporters.JUnitReportReporter -->
<testsuite hostname="DESKTOP-VSVB4IJ" name="com.training.sanity.tests.Retail_Create_Order" tests="2" failures="0" timestamp="30 Oct 2019 11:15:27 GMT" time="15.006" errors="0">
  <testcase name="alogintest" time="2.539" classname="com.training.sanity.tests.Retail_Create_Order"/>
  <testcase name="createordertest" time="12.467" classname="com.training.sanity.tests.Retail_Create_Order"/>
</testsuite> <!-- com.training.sanity.tests.Retail_Create_Order -->
