<?xml version="1.0" encoding="UTF-8"?>
<!-- Generated by org.testng.reporters.JUnitReportReporter -->
<testsuite hostname="DESKTOP-VSVB4IJ" name="com.training.sanity.tests.FilterOrder_RTTC0047_Medium" tests="2" failures="0" timestamp="31 Oct 2019 06:52:03 GMT" time="13.145" errors="0">
  <testcase name="filtertest" time="11.535" classname="com.training.sanity.tests.FilterOrder_RTTC0047_Medium"/>
  <testcase name="alogintest" time="1.610" classname="com.training.sanity.tests.FilterOrder_RTTC0047_Medium"/>
</testsuite> <!-- com.training.sanity.tests.FilterOrder_RTTC0047_Medium -->
