<?xml version="1.0" encoding="UTF-8"?>
<!-- Generated by org.testng.reporters.JUnitReportReporter -->
<testsuite hostname="DESKTOP-VSVB4IJ" name="com.training.sanity.tests.Filterorder_RTTC0016" tests="2" failures="0" timestamp="23 Oct 2019 17:44:23 GMT" time="5.243" errors="0">
  <testcase name="alogintest" time="2.126" classname="com.training.sanity.tests.Filterorder_RTTC0016"/>
  <testcase name="filtertest" time="3.117" classname="com.training.sanity.tests.Filterorder_RTTC0016"/>
</testsuite> <!-- com.training.sanity.tests.Filterorder_RTTC0016 -->
