<?xml version="1.0" encoding="UTF-8"?>
<!-- Generated by org.testng.reporters.JUnitReportReporter -->
<testsuite hostname="DESKTOP-VSVB4IJ" name="com.training.sanity.tests.Retail_Create_Order" tests="2" failures="0" timestamp="24 Oct 2019 05:32:14 GMT" time="15.072" errors="0">
  <testcase name="alogintest" time="2.655" classname="com.training.sanity.tests.Retail_Create_Order"/>
  <testcase name="createordertest" time="12.417" classname="com.training.sanity.tests.Retail_Create_Order"/>
</testsuite> <!-- com.training.sanity.tests.Retail_Create_Order -->
