<?xml version="1.0" encoding="UTF-8"?>
<!-- Generated by org.testng.reporters.JUnitReportReporter -->
<testsuite hostname="DESKTOP-VSVB4IJ" name="com.training.sanity.tests.ReturnOrder_RTTC018" tests="2" failures="0" timestamp="23 Oct 2019 17:46:51 GMT" time="5.381" errors="0">
  <testcase name="createreturntest" time="3.275" classname="com.training.sanity.tests.ReturnOrder_RTTC018"/>
  <testcase name="alogintest" time="2.106" classname="com.training.sanity.tests.ReturnOrder_RTTC018"/>
</testsuite> <!-- com.training.sanity.tests.ReturnOrder_RTTC018 -->
